mode: atomic
cre-resume-backend/internal/cv/controller.go:14.58,18.2 1 0
cre-resume-backend/internal/cv/controller.go:20.55,23.2 2 0
cre-resume-backend/internal/cv/controller.go:25.54,28.16 3 0
cre-resume-backend/internal/cv/controller.go:33.2,37.12 3 0
cre-resume-backend/internal/cv/controller.go:28.16,31.3 2 0
cre-resume-backend/internal/cv/model.go:19.41,26.16 5 0
cre-resume-backend/internal/cv/model.go:30.2,30.38 1 0
cre-resume-backend/internal/cv/model.go:26.16,28.3 1 0
cre-resume-backend/internal/cv/model.go:33.49,35.2 1 0
cre-resume-backend/internal/cv/view.go:16.50,20.2 1 0
cre-resume-backend/internal/cv/view.go:22.72,25.2 2 0
cre-resume-backend/internal/job-post/controller.go:14.73,16.2 1 4
cre-resume-backend/internal/job-post/controller.go:18.68,25.2 5 4
cre-resume-backend/internal/job-post/controller.go:27.63,30.22 3 1
cre-resume-backend/internal/job-post/controller.go:35.2,36.16 2 1
cre-resume-backend/internal/job-post/controller.go:41.2,42.16 2 1
cre-resume-backend/internal/job-post/controller.go:47.2,49.12 3 1
cre-resume-backend/internal/job-post/controller.go:30.22,33.3 2 0
cre-resume-backend/internal/job-post/controller.go:36.16,39.3 2 0
cre-resume-backend/internal/job-post/controller.go:42.16,45.3 2 0
cre-resume-backend/internal/job-post/controller.go:52.61,60.16 7 1
cre-resume-backend/internal/job-post/controller.go:65.2,66.12 2 1
cre-resume-backend/internal/job-post/controller.go:60.16,63.3 2 0
cre-resume-backend/internal/job-post/controller.go:69.68,75.16 5 1
cre-resume-backend/internal/job-post/controller.go:80.2,81.16 2 1
cre-resume-backend/internal/job-post/controller.go:86.2,86.12 1 1
cre-resume-backend/internal/job-post/controller.go:75.16,78.3 2 0
cre-resume-backend/internal/job-post/controller.go:81.16,84.3 2 0
cre-resume-backend/internal/job-post/controller.go:89.65,94.16 4 1
cre-resume-backend/internal/job-post/controller.go:99.2,100.12 2 1
cre-resume-backend/internal/job-post/controller.go:94.16,97.3 2 0
cre-resume-backend/internal/job-post/model.go:28.44,35.16 5 0
cre-resume-backend/internal/job-post/model.go:39.2,39.43 1 0
cre-resume-backend/internal/job-post/model.go:35.16,37.3 1 0
cre-resume-backend/internal/job-post/model.go:42.69,50.16 5 0
cre-resume-backend/internal/job-post/model.go:54.2,54.12 1 0
cre-resume-backend/internal/job-post/model.go:50.16,52.3 1 0
cre-resume-backend/internal/job-post/model.go:57.84,65.16 5 0
cre-resume-backend/internal/job-post/model.go:69.2,69.12 1 0
cre-resume-backend/internal/job-post/model.go:65.16,67.3 1 0
cre-resume-backend/internal/job-post/model.go:72.75,80.27 5 0
cre-resume-backend/internal/job-post/model.go:84.2,87.16 3 0
cre-resume-backend/internal/job-post/model.go:90.2,90.21 1 0
cre-resume-backend/internal/job-post/model.go:80.27,82.3 1 0
cre-resume-backend/internal/job-post/model.go:87.16,89.3 1 0
cre-resume-backend/internal/job-post/model.go:93.101,102.20 6 0
cre-resume-backend/internal/job-post/model.go:111.2,111.16 1 0
cre-resume-backend/internal/job-post/model.go:115.2,115.16 1 0
cre-resume-backend/internal/job-post/model.go:118.2,118.23 1 0
cre-resume-backend/internal/job-post/model.go:102.20,105.17 3 0
cre-resume-backend/internal/job-post/model.go:108.3,108.39 1 0
cre-resume-backend/internal/job-post/model.go:105.17,107.4 1 0
cre-resume-backend/internal/job-post/model.go:111.16,113.3 1 0
cre-resume-backend/internal/job-post/model.go:115.16,117.3 1 0
cre-resume-backend/internal/job-post/model.go:121.109,131.20 8 0
cre-resume-backend/internal/job-post/model.go:135.2,135.28 1 0
cre-resume-backend/internal/job-post/model.go:141.2,143.14 2 0
cre-resume-backend/internal/job-post/model.go:154.2,163.20 3 0
cre-resume-backend/internal/job-post/model.go:172.2,172.16 1 0
cre-resume-backend/internal/job-post/model.go:176.2,176.23 1 0
cre-resume-backend/internal/job-post/model.go:131.20,133.3 1 0
cre-resume-backend/internal/job-post/model.go:135.28,139.3 3 0
cre-resume-backend/internal/job-post/model.go:144.18,145.41 1 0
cre-resume-backend/internal/job-post/model.go:146.16,147.40 1 0
cre-resume-backend/internal/job-post/model.go:148.17,149.40 1 0
cre-resume-backend/internal/job-post/model.go:150.10,151.43 1 0
cre-resume-backend/internal/job-post/model.go:163.20,166.17 3 0
cre-resume-backend/internal/job-post/model.go:169.3,169.39 1 0
cre-resume-backend/internal/job-post/model.go:166.17,168.4 1 0
cre-resume-backend/internal/job-post/model.go:172.16,174.3 1 0
cre-resume-backend/internal/job-post/view.go:22.98,27.2 1 4
cre-resume-backend/internal/job-post/view.go:29.106,33.16 3 1
cre-resume-backend/internal/job-post/view.go:37.2,42.16 5 1
cre-resume-backend/internal/job-post/view.go:46.2,46.21 1 1
cre-resume-backend/internal/job-post/view.go:33.16,35.3 1 0
cre-resume-backend/internal/job-post/view.go:42.16,44.3 1 0
cre-resume-backend/internal/job-post/view.go:49.108,51.2 1 1
cre-resume-backend/internal/job-post/view.go:53.106,55.16 2 1
cre-resume-backend/internal/job-post/view.go:59.2,60.16 2 1
cre-resume-backend/internal/job-post/view.go:64.2,72.49 2 1
cre-resume-backend/internal/job-post/view.go:55.16,57.3 1 0
cre-resume-backend/internal/job-post/view.go:60.16,62.3 1 0
cre-resume-backend/internal/job-post/view.go:75.101,77.16 2 1
cre-resume-backend/internal/job-post/view.go:81.2,81.61 1 1
cre-resume-backend/internal/job-post/view.go:77.16,79.3 1 0
cre-resume-backend/internal/user/controller.go:13.58,17.2 1 3
cre-resume-backend/internal/user/controller.go:19.52,24.2 3 3
cre-resume-backend/internal/user/controller.go:26.59,30.16 3 1
cre-resume-backend/internal/user/controller.go:35.2,36.16 2 1
cre-resume-backend/internal/user/controller.go:41.2,42.12 2 1
cre-resume-backend/internal/user/controller.go:30.16,33.3 2 0
cre-resume-backend/internal/user/controller.go:36.16,39.3 2 0
cre-resume-backend/internal/user/controller.go:45.56,49.16 3 1
cre-resume-backend/internal/user/controller.go:54.2,55.16 2 1
cre-resume-backend/internal/user/controller.go:59.2,63.12 2 1
cre-resume-backend/internal/user/controller.go:49.16,52.3 2 0
cre-resume-backend/internal/user/controller.go:55.16,57.3 1 0
cre-resume-backend/internal/user/controller.go:66.59,70.16 3 1
cre-resume-backend/internal/user/controller.go:75.2,75.12 1 1
cre-resume-backend/internal/user/controller.go:70.16,73.3 2 0
cre-resume-backend/internal/user/model.go:24.44,31.16 5 0
cre-resume-backend/internal/user/model.go:35.2,35.42 1 0
cre-resume-backend/internal/user/model.go:31.16,33.3 1 0
cre-resume-backend/internal/user/model.go:38.74,46.27 5 0
cre-resume-backend/internal/user/model.go:50.2,53.16 3 0
cre-resume-backend/internal/user/model.go:57.2,57.18 1 0
cre-resume-backend/internal/user/model.go:46.27,48.3 1 0
cre-resume-backend/internal/user/model.go:53.16,55.3 1 0
cre-resume-backend/internal/user/model.go:60.59,68.16 5 0
cre-resume-backend/internal/user/model.go:72.2,72.12 1 0
cre-resume-backend/internal/user/model.go:68.16,70.3 1 0
cre-resume-backend/internal/user/model.go:75.55,92.16 6 0
cre-resume-backend/internal/user/model.go:96.2,96.12 1 0
cre-resume-backend/internal/user/model.go:92.16,94.3 1 0
cre-resume-backend/internal/user/view.go:23.54,27.2 1 5
cre-resume-backend/internal/user/view.go:31.54,34.16 2 2
cre-resume-backend/internal/user/view.go:38.2,39.16 2 1
cre-resume-backend/internal/user/view.go:42.2,47.16 5 1
cre-resume-backend/internal/user/view.go:51.2,51.120 1 1
cre-resume-backend/internal/user/view.go:34.16,36.3 1 1
cre-resume-backend/internal/user/view.go:39.16,41.3 1 0
cre-resume-backend/internal/user/view.go:47.16,49.3 1 0
cre-resume-backend/internal/user/view.go:54.60,56.16 2 2
cre-resume-backend/internal/user/view.go:60.2,61.16 2 1
cre-resume-backend/internal/user/view.go:65.2,66.16 2 1
cre-resume-backend/internal/user/view.go:70.2,70.19 1 1
cre-resume-backend/internal/user/view.go:56.16,58.3 1 1
cre-resume-backend/internal/user/view.go:61.16,63.3 1 0
cre-resume-backend/internal/user/view.go:66.16,68.3 1 0
cre-resume-backend/internal/user/view.go:73.50,76.2 1 1
