mode: atomic
cre-resume-backend/internal/job-post/service.go:20.124,25.2 1 2
cre-resume-backend/internal/job-post/service.go:27.109,31.16 3 1
cre-resume-backend/internal/job-post/service.go:35.2,40.16 5 1
cre-resume-backend/internal/job-post/service.go:44.2,44.21 1 1
cre-resume-backend/internal/job-post/service.go:31.16,33.3 1 0
cre-resume-backend/internal/job-post/service.go:40.16,42.3 1 0
cre-resume-backend/internal/job-post/service.go:47.111,49.2 1 1
cre-resume-backend/internal/job-post/handler.go:14.73,16.2 1 3
cre-resume-backend/internal/job-post/handler.go:18.62,24.2 4 3
cre-resume-backend/internal/job-post/handler.go:26.60,29.22 3 1
cre-resume-backend/internal/job-post/handler.go:34.2,35.16 2 1
cre-resume-backend/internal/job-post/handler.go:40.2,41.16 2 1
cre-resume-backend/internal/job-post/handler.go:46.2,48.12 3 1
cre-resume-backend/internal/job-post/handler.go:29.22,32.3 2 0
cre-resume-backend/internal/job-post/handler.go:35.16,38.3 2 0
cre-resume-backend/internal/job-post/handler.go:41.16,44.3 2 0
cre-resume-backend/internal/job-post/handler.go:51.58,59.16 7 1
cre-resume-backend/internal/job-post/handler.go:64.2,65.12 2 1
cre-resume-backend/internal/job-post/handler.go:59.16,62.3 2 0
cre-resume-backend/internal/job-post/handler.go:68.62,70.2 1 1
cre-resume-backend/internal/job-post/repository.go:25.61,32.16 5 0
cre-resume-backend/internal/job-post/repository.go:36.2,36.48 1 0
cre-resume-backend/internal/job-post/repository.go:32.16,34.3 1 0
cre-resume-backend/internal/job-post/repository.go:39.74,47.16 5 0
cre-resume-backend/internal/job-post/repository.go:51.2,51.12 1 0
cre-resume-backend/internal/job-post/repository.go:47.16,49.3 1 0
cre-resume-backend/internal/job-post/repository.go:54.114,64.20 8 0
cre-resume-backend/internal/job-post/repository.go:68.2,68.28 1 0
cre-resume-backend/internal/job-post/repository.go:74.2,76.14 2 0
cre-resume-backend/internal/job-post/repository.go:87.2,96.20 3 0
cre-resume-backend/internal/job-post/repository.go:105.2,105.16 1 0
cre-resume-backend/internal/job-post/repository.go:109.2,109.23 1 0
cre-resume-backend/internal/job-post/repository.go:64.20,66.3 1 0
cre-resume-backend/internal/job-post/repository.go:68.28,72.3 3 0
cre-resume-backend/internal/job-post/repository.go:77.18,78.41 1 0
cre-resume-backend/internal/job-post/repository.go:79.16,80.40 1 0
cre-resume-backend/internal/job-post/repository.go:81.17,82.40 1 0
cre-resume-backend/internal/job-post/repository.go:83.10,84.43 1 0
cre-resume-backend/internal/job-post/repository.go:96.20,99.17 3 0
cre-resume-backend/internal/job-post/repository.go:102.3,102.39 1 0
cre-resume-backend/internal/job-post/repository.go:99.17,101.4 1 0
cre-resume-backend/internal/job-post/repository.go:105.16,107.3 1 0
cre-resume-backend/internal/user/handler.go:13.61,17.2 1 3
cre-resume-backend/internal/user/handler.go:19.49,24.2 3 3
cre-resume-backend/internal/user/handler.go:26.56,30.16 3 1
cre-resume-backend/internal/user/handler.go:35.2,36.16 2 1
cre-resume-backend/internal/user/handler.go:41.2,42.12 2 1
cre-resume-backend/internal/user/handler.go:30.16,33.3 2 0
cre-resume-backend/internal/user/handler.go:36.16,39.3 2 0
cre-resume-backend/internal/user/handler.go:45.53,49.16 3 1
cre-resume-backend/internal/user/handler.go:54.2,55.16 2 1
cre-resume-backend/internal/user/handler.go:59.2,63.12 2 1
cre-resume-backend/internal/user/handler.go:49.16,52.3 2 0
cre-resume-backend/internal/user/handler.go:55.16,57.3 1 0
cre-resume-backend/internal/user/handler.go:66.56,70.16 3 1
cre-resume-backend/internal/user/handler.go:75.2,75.12 1 1
cre-resume-backend/internal/user/handler.go:70.16,73.3 2 0
cre-resume-backend/internal/user/repository.go:24.49,31.16 5 0
cre-resume-backend/internal/user/repository.go:35.2,35.42 1 0
cre-resume-backend/internal/user/repository.go:31.16,33.3 1 0
cre-resume-backend/internal/user/repository.go:38.74,46.27 5 0
cre-resume-backend/internal/user/repository.go:50.2,53.16 3 0
cre-resume-backend/internal/user/repository.go:57.2,57.18 1 0
cre-resume-backend/internal/user/repository.go:46.27,48.3 1 0
cre-resume-backend/internal/user/repository.go:53.16,55.3 1 0
cre-resume-backend/internal/user/repository.go:60.59,68.16 5 0
cre-resume-backend/internal/user/repository.go:72.2,72.12 1 0
cre-resume-backend/internal/user/repository.go:68.16,70.3 1 0
cre-resume-backend/internal/user/repository.go:75.55,92.16 6 0
cre-resume-backend/internal/user/repository.go:96.2,96.12 1 0
cre-resume-backend/internal/user/repository.go:92.16,94.3 1 0
cre-resume-backend/internal/user/service.go:23.70,27.2 1 5
cre-resume-backend/internal/user/service.go:31.57,34.16 2 2
cre-resume-backend/internal/user/service.go:38.2,39.16 2 1
cre-resume-backend/internal/user/service.go:42.2,47.16 5 1
cre-resume-backend/internal/user/service.go:51.2,51.120 1 1
cre-resume-backend/internal/user/service.go:34.16,36.3 1 1
cre-resume-backend/internal/user/service.go:39.16,41.3 1 0
cre-resume-backend/internal/user/service.go:47.16,49.3 1 0
cre-resume-backend/internal/user/service.go:54.63,56.16 2 2
cre-resume-backend/internal/user/service.go:60.2,61.16 2 1
cre-resume-backend/internal/user/service.go:65.2,66.16 2 1
cre-resume-backend/internal/user/service.go:70.2,70.19 1 1
cre-resume-backend/internal/user/service.go:56.16,58.3 1 1
cre-resume-backend/internal/user/service.go:61.16,63.3 1 0
cre-resume-backend/internal/user/service.go:66.16,68.3 1 0
cre-resume-backend/internal/user/service.go:73.53,76.2 1 1
